{"logTime": "0502/084716", "correlationVector":"ZAUz3RPIFWjAxPR3lXG955.0","action":"FeedSettingFetch_homeCloud", "result":"0", "context":{}}
{"logTime": "0502/084717", "correlationVector":"7mbRD0TZm0VXmTvg94eE+U.1","action":"SyncServerConnectionManagerRequest", "result":"SYNC_SERVER_OK", "context":{"environment":"Prod_NorthEurope_000h", "migrationStage":"NotStarted", "server":"GENERAL0100000D"}}
{"logTime": "0502/084717", "correlationVector":"7mbRD0TZm0VXmTvg94eE+U","action":"Initial GetUpdates", "result":"", "context":Reason: NEW_CLIENT. cV=7mbRD0TZm0VXmTvg94eE+U}
{"logTime": "0502/084717", "correlationVector":"7mbRD0TZm0VXmTvg94eE+U.2","action":"GetUpdates Response", "result":"SYNCER_OK", "context":Received 1 update(s). cV=7mbRD0TZm0VXmTvg94eE+U.0;server=GENERAL0100000D;cloudType=Multitenant;environment=Prod_NorthEurope_000h;migrationStage=NotStarted}
{"logTime": "0502/084717", "correlationVector":"lHHARoKyQgyHeDpl5U/TIv","action":"Initial GetUpdates", "result":"", "context":Reason: NEW_CLIENT. cV=lHHARoKyQgyHeDpl5U/TIv}
{"logTime": "0502/084718", "correlationVector":"lHHARoKyQgyHeDpl5U/TIv.1","action":"SyncServerConnectionManagerRequest", "result":"SYNC_SERVER_OK", "context":{"environment":"Prod_NorthEurope_000h", "migrationStage":"NotStarted", "server":"GENERAL0100000X"}}
{"logTime": "0502/084718", "correlationVector":"lHHARoKyQgyHeDpl5U/TIv.2","action":"AAD.GetKeyResponse", "result":"Fail", "context":Keys=0.LastKeyStatus=Empty.State=None.Pending NewKey. Tags: }
{"logTime": "0502/084718", "correlationVector":"lHHARoKyQgyHeDpl5U/TIv.3","action":"GetUpdates Response", "result":"SYNCER_OK", "context":Received 0 update(s). cV=lHHARoKyQgyHeDpl5U/TIv.0;server=GENERAL0100000X;cloudType=Multitenant;environment=Prod_NorthEurope_000h;migrationStage=NotStarted}
{"logTime": "0502/084718", "correlationVector":"2mfDn5A+AwINTTEDvDPzBa","action":"Normal GetUpdate request", "result":"", "context":cV=2mfDn5A+AwINTTEDvDPzBa
Nudged types: Device Info, User Consents
Refresh requested types: Device Info, User Consents, Send Tab To Self, Encryption Keys}
{"logTime": "0502/084718", "correlationVector":"2mfDn5A+AwINTTEDvDPzBa.1","action":"SyncServerConnectionManagerRequest", "result":"SYNC_SERVER_OK", "context":{"environment":"Prod_NorthEurope_000h", "migrationStage":"NotStarted", "server":"GENERAL0100002F"}}
{"logTime": "0502/084718", "correlationVector":"2mfDn5A+AwINTTEDvDPzBa.2","action":"GetUpdates Response", "result":"SYNCER_OK", "context":Received 1 update(s). cV=2mfDn5A+AwINTTEDvDPzBa.0;server=GENERAL0100002F;cloudType=Multitenant;environment=Prod_NorthEurope_000h;migrationStage=NotStarted}
{"logTime": "0502/084719", "correlationVector":"tWn2+eyFwrxl8h9/ZjrWqM","action":"AAD.Mip.Pack:", "result":"Success", "context":MIP_CLOUD_COMMERCIAL:Success}
{"logTime": "0502/084719", "correlationVector":"tWn2+eyFwrxl8h9/ZjrWqM.0","action":"AAD.AddCommitKey", "result":"Success", "context": Tags: Current_encryption_keys_tag = Empty, Updated_current_encryption_keys_tag = F+MLf6NU6KZMkTc/EOYzct4qjdabIQYFyrYMxBrQWK8=}
{"logTime": "0502/084719", "correlationVector":"69fCrxsimDSdCKTG8I+suO","action":"Commit Request", "result":"", "context":Item count: 1
Contributing types: Device Info}
{"logTime": "0502/084720", "correlationVector":"69fCrxsimDSdCKTG8I+suO.1","action":"SyncServerConnectionManagerRequest", "result":"SYNC_SERVER_OK", "context":{"environment":"Prod_NorthEurope_000h", "migrationStage":"NotStarted", "server":"GENERAL0100001H"}}
{"logTime": "0502/084720", "correlationVector":"69fCrxsimDSdCKTG8I+suO.3","action":"AAD.CommitKeyResponse", "result":"Success", "context":Committed}
{"logTime": "0502/084720", "correlationVector":"69fCrxsimDSdCKTG8I+suO.2","action":"Commit Response", "result":"SYNCER_OK", "context":Result: SYNCER_OK. cV=69fCrxsimDSdCKTG8I+suO.0;server=GENERAL0100001H;cloudType=Multitenant;environment=Prod_NorthEurope_000h;migrationStage=NotStarted}
{"logTime": "0502/084720", "correlationVector":"ufe3zQO5IHckVdP2PnsHE/","action":"Commit Request", "result":"", "context":Item count: 2
Contributing types: User Consents}
{"logTime": "0502/084721", "correlationVector":"ufe3zQO5IHckVdP2PnsHE/.1","action":"SyncServerConnectionManagerRequest", "result":"SYNC_SERVER_OK", "context":{"environment":"Prod_NorthEurope_000h", "migrationStage":"NotStarted", "server":"GENERAL0100000Z"}}
{"logTime": "0502/084721", "correlationVector":"ufe3zQO5IHckVdP2PnsHE/.2","action":"Commit Response", "result":"SYNCER_OK", "context":Result: SYNCER_OK. cV=ufe3zQO5IHckVdP2PnsHE/.0;server=GENERAL0100000Z;cloudType=Multitenant;environment=Prod_NorthEurope_000h;migrationStage=NotStarted}
{"logTime": "0502/090718", "correlationVector":"v3xVczaawvzSmjI5z0Vy4R.0","action":"FeedSettingFetch_homeCloud", "result":"0", "context":{}}
{"logTime": "0502/090718", "correlationVector":"HJh79BKVJwKTHL/5UGuqZw.1","action":"SyncServerConnectionManagerRequest", "result":"SYNC_SERVER_OK", "context":{"environment":"Prod_NorthEurope_000h", "migrationStage":"NotStarted", "server":"GENERAL0100002B"}}
{"logTime": "0502/090718", "correlationVector":"HJh79BKVJwKTHL/5UGuqZw","action":"Initial GetUpdates", "result":"", "context":Reason: NEW_CLIENT. cV=HJh79BKVJwKTHL/5UGuqZw}
{"logTime": "0502/090718", "correlationVector":"HJh79BKVJwKTHL/5UGuqZw.2","action":"GetUpdates Response", "result":"SYNCER_OK", "context":Received 1 update(s). cV=HJh79BKVJwKTHL/5UGuqZw.0;server=GENERAL0100002B;cloudType=Multitenant;environment=Prod_NorthEurope_000h;migrationStage=NotStarted}
{"logTime": "0502/090718", "correlationVector":"ra4GwKLFYJRsTqIn2dofYD","action":"Initial GetUpdates", "result":"", "context":Reason: NEWLY_SUPPORTED_DATATYPE. cV=ra4GwKLFYJRsTqIn2dofYD}
{"logTime": "0502/090718", "correlationVector":"ra4GwKLFYJRsTqIn2dofYD.1","action":"SyncServerConnectionManagerRequest", "result":"SYNC_SERVER_OK", "context":{"environment":"Prod_NorthEurope_000h", "migrationStage":"NotStarted", "server":"general0100000E"}}
{"logTime": "0502/090718", "correlationVector":"ra4GwKLFYJRsTqIn2dofYD.2","action":"AAD.Mip.Unpack", "result":"Success", "context":MIP_CLOUD_COMMERCIAL:Success}
{"logTime": "0502/090718", "correlationVector":"ra4GwKLFYJRsTqIn2dofYD.3","action":"AAD.GetKeyResponse", "result":"Success", "context":Keys=1.LastKeyStatus=Normal. 2023-05-02 09:47:18 +01.State=None. Tags: Current_encryption_keys_tag = F++/vQt/77+9VO+/vUzvv703PxDvv70zcu+/vSrvv73WmyEGBcq2DO+/vRrvv71Y77+9, Updated_current_encryption_keys_tag = Empty}
{"logTime": "0502/090718", "correlationVector":"ra4GwKLFYJRsTqIn2dofYD.4","action":"GetUpdates Response", "result":"SYNCER_OK", "context":Received 0 update(s). cV=ra4GwKLFYJRsTqIn2dofYD.0;server=general0100000E;cloudType=Multitenant;environment=Prod_NorthEurope_000h;migrationStage=NotStarted}
{"logTime": "0502/090718", "correlationVector":"H1VGHhTitJIX/LnJdZGLY3","action":"Normal GetUpdate request", "result":"", "context":cV=H1VGHhTitJIX/LnJdZGLY3
Nudged types: User Consents
Refresh requested types: Device Info, User Consents, Send Tab To Self, Encryption Keys}
{"logTime": "0502/090718", "correlationVector":"H1VGHhTitJIX/LnJdZGLY3.1","action":"SyncServerConnectionManagerRequest", "result":"SYNC_SERVER_OK", "context":{"environment":"Prod_NorthEurope_000h", "migrationStage":"NotStarted", "server":"GENERAL0100001B"}}
{"logTime": "0502/090718", "correlationVector":"H1VGHhTitJIX/LnJdZGLY3.2","action":"GetUpdates Response", "result":"SYNCER_OK", "context":Received 2 update(s). cV=H1VGHhTitJIX/LnJdZGLY3.0;server=GENERAL0100001B;cloudType=Multitenant;environment=Prod_NorthEurope_000h;migrationStage=NotStarted}
{"logTime": "0502/090718", "correlationVector":"ELU/wRRGUDMoXYxLk4D7Lo","action":"Commit Request", "result":"", "context":Item count: 1
Contributing types: User Consents}
{"logTime": "0502/090718", "correlationVector":"ELU/wRRGUDMoXYxLk4D7Lo.1","action":"SyncServerConnectionManagerRequest", "result":"SYNC_SERVER_OK", "context":{"environment":"Prod_NorthEurope_000h", "migrationStage":"NotStarted", "server":"general0100000N"}}
{"logTime": "0502/090718", "correlationVector":"ELU/wRRGUDMoXYxLk4D7Lo.2","action":"Commit Response", "result":"SYNCER_OK", "context":Result: SYNCER_OK. cV=ELU/wRRGUDMoXYxLk4D7Lo.0;server=general0100000N;cloudType=Multitenant;environment=Prod_NorthEurope_000h;migrationStage=NotStarted}
{"logTime": "0502/090723", "correlationVector":"VD2aMiBOeXsmbkULncHtU0","action":"Initial GetUpdates", "result":"", "context":Reason: RECONFIGURATION. cV=VD2aMiBOeXsmbkULncHtU0}
{"logTime": "0502/090729", "correlationVector":"VD2aMiBOeXsmbkULncHtU0.1","action":"SyncServerConnectionManagerRequest", "result":"SYNC_SERVER_OK", "context":{"environment":"Prod_NorthEurope_000h", "migrationStage":"NotStarted", "server":"GENERAL0100001A"}}
{"logTime": "0502/090729", "correlationVector":"VD2aMiBOeXsmbkULncHtU0.2","action":"GetUpdates Response", "result":"SYNCER_OK", "context":Received 0 update(s). cV=VD2aMiBOeXsmbkULncHtU0.0;server=GENERAL0100001A;cloudType=Multitenant;environment=Prod_NorthEurope_000h;migrationStage=NotStarted}
{"logTime": "0502/090729", "correlationVector":"PGhXjP21kHvAeVivOolwUf","action":"Initial GetUpdates", "result":"", "context":Reason: RECONFIGURATION. cV=PGhXjP21kHvAeVivOolwUf}
{"logTime": "0502/090729", "correlationVector":"PGhXjP21kHvAeVivOolwUf.1","action":"SyncServerConnectionManagerRequest", "result":"SYNC_SERVER_OK", "context":{"environment":"Prod_WestEurope_x00e", "migrationStage":"NotStarted", "server":"GENERAL01000014"}}
{"logTime": "0502/090729", "correlationVector":"PGhXjP21kHvAeVivOolwUf.2","action":"GetUpdates Response", "result":"SYNCER_OK", "context":Received 6 update(s). cV=PGhXjP21kHvAeVivOolwUf.0;server=GENERAL01000014;cloudType=Multitenant;environment=Prod_WestEurope_x00e;migrationStage=NotStarted}
{"logTime": "0502/090730", "correlationVector":"HGVWbJcgcSy1W2lMXnZtTl","action":"Initial GetUpdates", "result":"", "context":Reason: RECONFIGURATION. cV=HGVWbJcgcSy1W2lMXnZtTl}
{"logTime": "0502/090730", "correlationVector":"HGVWbJcgcSy1W2lMXnZtTl.1","action":"SyncServerConnectionManagerRequest", "result":"SYNC_SERVER_OK", "context":{"environment":"Prod_NorthEurope_000h", "migrationStage":"NotStarted", "server":"general01000021"}}
{"logTime": "0502/090730", "correlationVector":"HGVWbJcgcSy1W2lMXnZtTl.2","action":"GetUpdates Response", "result":"SYNCER_OK", "context":Received 1 update(s). cV=HGVWbJcgcSy1W2lMXnZtTl.0;server=general01000021;cloudType=Multitenant;environment=Prod_NorthEurope_000h;migrationStage=NotStarted}
{"logTime": "0502/090730", "correlationVector":"r+qjXOZWhkH3pu27s3p3G8","action":"Normal GetUpdate request", "result":"", "context":cV=r+qjXOZWhkH3pu27s3p3G8
Nudged types: Sessions, Device Info, User Consents
Refresh requested types: Bookmarks, Preferences, Passwords, Autofill Profiles, Autofill, Autofill Custom Data, Typed URLs, Extensions, Sessions, Extension settings, History Delete Directives, Device Info, User Consents, Send Tab To Self, Web Apps, Collection, Edge E Drop, Encryption Keys}
{"logTime": "0502/090730", "correlationVector":"r+qjXOZWhkH3pu27s3p3G8.1","action":"SyncServerConnectionManagerRequest", "result":"SYNC_SERVER_OK", "context":{"environment":"Prod_NorthEurope_000h", "migrationStage":"NotStarted", "server":"GENERAL0100002D"}}
{"logTime": "0502/090730", "correlationVector":"r+qjXOZWhkH3pu27s3p3G8.2","action":"GetUpdates Response", "result":"SYNCER_OK", "context":Received 0 update(s). cV=r+qjXOZWhkH3pu27s3p3G8.0;server=GENERAL0100002D;cloudType=Multitenant;environment=Prod_NorthEurope_000h;migrationStage=NotStarted}
{"logTime": "0502/090730", "correlationVector":"A8F5935Zu7EJ9XxhB1gdNV","action":"Commit Request", "result":"", "context":Item count: 1
Contributing types: Device Info}
{"logTime": "0502/090731", "correlationVector":"A8F5935Zu7EJ9XxhB1gdNV.1","action":"SyncServerConnectionManagerRequest", "result":"SYNC_SERVER_OK", "context":{"environment":"Prod_NorthEurope_000h", "migrationStage":"NotStarted", "server":"GENERAL0100000Q"}}
{"logTime": "0502/090731", "correlationVector":"A8F5935Zu7EJ9XxhB1gdNV.2","action":"Commit Response", "result":"SYNCER_OK", "context":Result: SYNCER_OK. cV=A8F5935Zu7EJ9XxhB1gdNV.0;server=GENERAL0100000Q;cloudType=Multitenant;environment=Prod_NorthEurope_000h;migrationStage=NotStarted}
{"logTime": "0502/090731", "correlationVector":"FwCvykENGuZb9vOGa+maze","action":"Commit Request", "result":"", "context":Item count: 4
Contributing types: Sessions, User Consents}
{"logTime": "0502/090731", "correlationVector":"FwCvykENGuZb9vOGa+maze.1","action":"SyncServerConnectionManagerRequest", "result":"SYNC_SERVER_OK", "context":{"environment":"Prod_NorthEurope_x00f", "migrationStage":"NotStarted", "server":"GENERAL0100000S"}}
{"logTime": "0502/090731", "correlationVector":"FwCvykENGuZb9vOGa+maze.2","action":"Commit Response", "result":"SYNCER_OK", "context":Result: SYNCER_OK. cV=FwCvykENGuZb9vOGa+maze.0;server=GENERAL0100000S;cloudType=Multitenant;environment=Prod_NorthEurope_x00f;migrationStage=NotStarted}
{"logTime": "0502/091810", "correlationVector":"B9EAGzmpL42TxK5fcqSVFA.0","action":"FeedSettingFetch_homeCloud", "result":"0", "context":{}}
{"logTime": "0502/091810", "correlationVector":"m9Hpz79YvlDz1DoLuy+s9y.1","action":"SyncServerConnectionManagerRequest", "result":"SYNC_SERVER_OK", "context":{"environment":"Prod_NorthEurope_000h", "migrationStage":"NotStarted", "server":"GENERAL01000022"}}
{"logTime": "0502/091810", "correlationVector":"m9Hpz79YvlDz1DoLuy+s9y.2","action":"AAD.Mip.Unpack", "result":"Success", "context":MIP_CLOUD_COMMERCIAL:Success}
{"logTime": "0502/091810", "correlationVector":"m9Hpz79YvlDz1DoLuy+s9y.3","action":"AAD.GetKeyResponse", "result":"Success", "context":Keys=1.LastKeyStatus=Normal. 2023-05-02 09:47:18 +01.State=None. Tags: Current_encryption_keys_tag = F++/vQt/77+9VO+/vUzvv703PxDvv70zcu+/vSrvv73WmyEGBcq2DO+/vRrvv71Y77+9, Updated_current_encryption_keys_tag = Empty}
{"logTime": "0502/091810", "correlationVector":"VfVqDquR0sfVGPfx+VN0Co.1","action":"SyncServerConnectionManagerRequest", "result":"SYNC_SERVER_OK", "context":{"environment":"Prod_NorthEurope_000h", "migrationStage":"NotStarted", "server":"GENERAL01000020"}}
{"logTime": "0502/091810", "correlationVector":"m9Hpz79YvlDz1DoLuy+s9y","action":"Initial GetUpdates", "result":"", "context":Reason: NEW_CLIENT. cV=m9Hpz79YvlDz1DoLuy+s9y}
{"logTime": "0502/091810", "correlationVector":"m9Hpz79YvlDz1DoLuy+s9y.4","action":"GetUpdates Response", "result":"SYNCER_OK", "context":Received 1 update(s). cV=m9Hpz79YvlDz1DoLuy+s9y.0;server=GENERAL01000022;cloudType=Multitenant;environment=Prod_NorthEurope_000h;migrationStage=NotStarted}
{"logTime": "0502/091810", "correlationVector":"VfVqDquR0sfVGPfx+VN0Co","action":"Commit Request", "result":"", "context":Item count: 1
Contributing types: Encryption Keys}
{"logTime": "0502/091810", "correlationVector":"VfVqDquR0sfVGPfx+VN0Co.2","action":"Commit Response", "result":"SYNCER_OK", "context":Result: SYNCER_OK. cV=VfVqDquR0sfVGPfx+VN0Co.0;server=GENERAL01000020;cloudType=Multitenant;environment=Prod_NorthEurope_000h;migrationStage=NotStarted}
{"logTime": "0502/091810", "correlationVector":"+jFi7e0sJO0EwYCQYRQcy4","action":"Initial GetUpdates", "result":"", "context":Reason: NEWLY_SUPPORTED_DATATYPE. cV=+jFi7e0sJO0EwYCQYRQcy4}
{"logTime": "0502/091810", "correlationVector":"+jFi7e0sJO0EwYCQYRQcy4.1","action":"SyncServerConnectionManagerRequest", "result":"SYNC_SERVER_OK", "context":{"environment":"Prod_WestEurope_x00e", "migrationStage":"NotStarted", "server":"GENERAL01000026"}}
{"logTime": "0502/091810", "correlationVector":"+jFi7e0sJO0EwYCQYRQcy4.2","action":"GetUpdates Response", "result":"SYNCER_OK", "context":Received 1 update(s). cV=+jFi7e0sJO0EwYCQYRQcy4.0;server=GENERAL01000026;cloudType=Multitenant;environment=Prod_WestEurope_x00e;migrationStage=NotStarted}
{"logTime": "0502/091810", "correlationVector":"j8gIT6IVAdr9m0wNvdwgRe","action":"Initial GetUpdates", "result":"", "context":Reason: NEWLY_SUPPORTED_DATATYPE. cV=j8gIT6IVAdr9m0wNvdwgRe}
{"logTime": "0502/091810", "correlationVector":"j8gIT6IVAdr9m0wNvdwgRe.1","action":"SyncServerConnectionManagerRequest", "result":"SYNC_SERVER_OK", "context":{"environment":"Prod_NorthEurope_000h", "migrationStage":"NotStarted", "server":"GENERAL01000012"}}
{"logTime": "0502/091810", "correlationVector":"j8gIT6IVAdr9m0wNvdwgRe.2","action":"GetUpdates Response", "result":"SYNCER_OK", "context":Received 5 update(s). cV=j8gIT6IVAdr9m0wNvdwgRe.0;server=GENERAL01000012;cloudType=Multitenant;environment=Prod_NorthEurope_000h;migrationStage=NotStarted}
{"logTime": "0502/091810", "correlationVector":"iJzKt2oVx0zCTByqFdEy4F","action":"Initial GetUpdates", "result":"", "context":Reason: NEWLY_SUPPORTED_DATATYPE. cV=iJzKt2oVx0zCTByqFdEy4F}
{"logTime": "0502/091810", "correlationVector":"iJzKt2oVx0zCTByqFdEy4F.1","action":"SyncServerConnectionManagerRequest", "result":"SYNC_SERVER_OK", "context":{"environment":"Prod_WestEurope_x00e", "migrationStage":"NotStarted", "server":"GENERAL01000016"}}
{"logTime": "0502/091810", "correlationVector":"iJzKt2oVx0zCTByqFdEy4F.2","action":"GetUpdates Response", "result":"SYNCER_OK", "context":Received 1 update(s). cV=iJzKt2oVx0zCTByqFdEy4F.0;server=GENERAL01000016;cloudType=Multitenant;environment=Prod_WestEurope_x00e;migrationStage=NotStarted}
{"logTime": "0502/091810", "correlationVector":"395umPhzClPJM3M4Am17ai","action":"Normal GetUpdate request", "result":"", "context":cV=395umPhzClPJM3M4Am17ai
Nudged types: Preferences, Sessions, User Consents, Encryption Keys
Refresh requested types: Bookmarks, Preferences, Passwords, Autofill Profiles, Autofill, Autofill Custom Data, Typed URLs, Extensions, Sessions, Extension settings, History Delete Directives, Device Info, User Consents, Send Tab To Self, Web Apps, Collection, Edge E Drop, Encryption Keys}
{"logTime": "0502/091810", "correlationVector":"395umPhzClPJM3M4Am17ai.1","action":"SyncServerConnectionManagerRequest", "result":"SYNC_SERVER_OK", "context":{"environment":"Prod_WestEurope_x00e", "migrationStage":"NotStarted", "server":"GENERAL0100000N"}}
{"logTime": "0502/091810", "correlationVector":"395umPhzClPJM3M4Am17ai.2","action":"GetUpdates Response", "result":"SYNCER_OK", "context":Received 3 update(s). cV=395umPhzClPJM3M4Am17ai.0;server=GENERAL0100000N;cloudType=Multitenant;environment=Prod_WestEurope_x00e;migrationStage=NotStarted}
{"logTime": "0502/091810", "correlationVector":"AD0NGGlb3TFSWPtKV8gA6j","action":"Commit Request", "result":"", "context":Item count: 18
Contributing types: Preferences, Sessions, User Consents}
{"logTime": "0502/091811", "correlationVector":"AD0NGGlb3TFSWPtKV8gA6j.1","action":"SyncServerConnectionManagerRequest", "result":"SYNC_SERVER_OK", "context":{"environment":"Prod_NorthEurope_000h", "migrationStage":"NotStarted", "server":"GENERAL0100000U"}}
{"logTime": "0502/091811", "correlationVector":"AD0NGGlb3TFSWPtKV8gA6j.3","action":"Commit.Sessions", "result":"Success", "context":{"id":"25d650c7-4b8e-43ce-8917-eb4b37287529", "isDeleted":"true", "size":"0", "version":"1683018451516"}}
{"logTime": "0502/091811", "correlationVector":"AD0NGGlb3TFSWPtKV8gA6j.2","action":"Commit Response", "result":"SYNCER_OK", "context":Result: SYNCER_OK. cV=AD0NGGlb3TFSWPtKV8gA6j.0;server=GENERAL0100000U;cloudType=Multitenant;environment=Prod_NorthEurope_000h;migrationStage=NotStarted}
{"logTime": "0502/091813", "correlationVector":"l4HTPPZbCcLpFnlbu6K2Ix","action":"Normal GetUpdate request", "result":"", "context":cV=l4HTPPZbCcLpFnlbu6K2Ix
Nudged types: Preferences, Sessions}
{"logTime": "0502/091813", "correlationVector":"l4HTPPZbCcLpFnlbu6K2Ix.1","action":"SyncServerConnectionManagerRequest", "result":"SYNC_SERVER_OK", "context":{"environment":"Prod_NorthEurope_000h", "migrationStage":"NotStarted", "server":"GENERAL01000027"}}
{"logTime": "0502/091814", "correlationVector":"l4HTPPZbCcLpFnlbu6K2Ix.2","action":"GetUpdates", "result":"DeleteReceived", "context":{"id":"25d650c7-4b8e-43ce-8917-eb4b37287529", "isDeleted:":"true", "version":"1683019090039"}}
{"logTime": "0502/091814", "correlationVector":"l4HTPPZbCcLpFnlbu6K2Ix.3","action":"GetUpdates Response", "result":"SYNCER_OK", "context":Received 17 update(s). cV=l4HTPPZbCcLpFnlbu6K2Ix.0;server=GENERAL01000027;cloudType=Multitenant;environment=Prod_NorthEurope_000h;migrationStage=NotStarted}
{"logTime": "0502/091814", "correlationVector":"vE+XTYYC/m00Hk0Jfei9SN","action":"Commit Request", "result":"", "context":Item count: 1
Contributing types: Sessions}
{"logTime": "0502/091814", "correlationVector":"vE+XTYYC/m00Hk0Jfei9SN.1","action":"SyncServerConnectionManagerRequest", "result":"SYNC_SERVER_OK", "context":{"environment":"Prod_NorthEurope_000h", "migrationStage":"NotStarted", "server":"GENERAL0100000R"}}
{"logTime": "0502/091814", "correlationVector":"vE+XTYYC/m00Hk0Jfei9SN.2","action":"Commit Response", "result":"SYNCER_OK", "context":Result: SYNCER_OK. cV=vE+XTYYC/m00Hk0Jfei9SN.0;server=GENERAL0100000R;cloudType=Multitenant;environment=Prod_NorthEurope_000h;migrationStage=NotStarted}
